<?xml version="1.0" encoding="UTF-8"?>
<testng-results skipped="0" failed="0" ignored="0" total="2" passed="2">
  <reporter-output>
    <line>
      <![CDATA[Keyword entered is : Lambda Test]]>
    </line>
    <line>
      <![CDATA[Search results are displayed.]]>
    </line>
    <line>
      <![CDATA[Keyword entered is : Automation]]>
    </line>
    <line>
      <![CDATA[Search results are displayed.]]>
    </line>
  </reporter-output>
  <suite name="Default suite" duration-ms="38279" started-at="2020-12-08T14:09:23Z" finished-at="2020-12-08T14:10:01Z">
    <groups>
    </groups>
    <test name="Default test" duration-ms="38279" started-at="2020-12-08T14:09:23Z" finished-at="2020-12-08T14:10:01Z">
      <class name="dataprovider.TestClass">
        <test-method status="PASS" signature="setUp()[pri:0, instance:dataprovider.TestClass@239963d8]" name="setUp" is-config="true" duration-ms="13383" started-at="2020-12-08T14:09:23Z" finished-at="2020-12-08T14:09:36Z">
          <reporter-output>
          </reporter-output>
        </test-method> <!-- setUp -->
        <test-method status="PASS" signature="search(java.lang.String)[pri:0, instance:dataprovider.TestClass@239963d8]" name="search" duration-ms="1494" started-at="2020-12-08T14:09:36Z" data-provider="test-data" finished-at="2020-12-08T14:09:38Z">
          <params>
            <param index="0">
              <value>
                <![CDATA[Lambda Test]]>
              </value>
            </param>
          </params>
          <reporter-output>
            <line>
              <![CDATA[Keyword entered is : Lambda Test]]>
            </line>
            <line>
              <![CDATA[Search results are displayed.]]>
            </line>
          </reporter-output>
        </test-method> <!-- search -->
        <test-method status="PASS" signature="burnDown()[pri:0, instance:dataprovider.TestClass@239963d8]" name="burnDown" is-config="true" duration-ms="1580" started-at="2020-12-08T14:09:38Z" finished-at="2020-12-08T14:09:39Z">
          <reporter-output>
          </reporter-output>
        </test-method> <!-- burnDown -->
        <test-method status="PASS" signature="setUp()[pri:0, instance:dataprovider.TestClass@239963d8]" name="setUp" is-config="true" duration-ms="13297" started-at="2020-12-08T14:09:39Z" finished-at="2020-12-08T14:09:52Z">
          <reporter-output>
          </reporter-output>
        </test-method> <!-- setUp -->
        <test-method status="PASS" signature="search(java.lang.String)[pri:0, instance:dataprovider.TestClass@239963d8]" name="search" duration-ms="7564" started-at="2020-12-08T14:09:52Z" data-provider="test-data" finished-at="2020-12-08T14:10:00Z">
          <params>
            <param index="0">
              <value>
                <![CDATA[Automation]]>
              </value>
            </param>
          </params>
          <reporter-output>
            <line>
              <![CDATA[Keyword entered is : Automation]]>
            </line>
            <line>
              <![CDATA[Search results are displayed.]]>
            </line>
          </reporter-output>
        </test-method> <!-- search -->
        <test-method status="PASS" signature="burnDown()[pri:0, instance:dataprovider.TestClass@239963d8]" name="burnDown" is-config="true" duration-ms="891" started-at="2020-12-08T14:10:00Z" finished-at="2020-12-08T14:10:01Z">
          <reporter-output>
          </reporter-output>
        </test-method> <!-- burnDown -->
      </class> <!-- dataprovider.TestClass -->
    </test> <!-- Default test -->
  </suite> <!-- Default suite -->
</testng-results>
